Using pre-set license
Built from '2021.1/staging' branch; Version is '2021.1.20f1 (be552157821d) revision 12473633'; Using compiler version '192528614'; Build Type 'Release'
OS: 'Windows 10 Pro; OS build 19041.1237; Version 2004; 64bit' Language: 'en' Physical Memory: 16335 MB
BatchMode: 1, IsHumanControllingUs: 0, StartBugReporterOnCrash: 0, Is64bit: 1, IsPro: 0

COMMAND LINE ARGUMENTS:
C:\Program Files\Unity\Hub\Editor\2021.1.20f1\Editor\Unity.exe
-adb2
-batchMode
-noUpm
-name
AssetImportWorker0
-projectPath
D:/Medieteknik_program/TDDD23/TDDD23/TDDD23 Projekt
-logFile
Logs/AssetImportWorker0.log
-srvPort
52830
Successfully changed project path to: D:/Medieteknik_program/TDDD23/TDDD23/TDDD23 Projekt
D:/Medieteknik_program/TDDD23/TDDD23/TDDD23 Projekt
Using Asset Import Pipeline V2.
Refreshing native plugins compatible for Editor in 141.26 ms, found 4 plugins.
Preloading 0 native plugins for Editor in 0.00 ms.
Initialize engine version: 2021.1.20f1 (be552157821d)
[Subsystems] Discovering subsystems at path C:/Program Files/Unity/Hub/Editor/2021.1.20f1/Editor/Data/Resources/UnitySubsystems
[Subsystems] Discovering subsystems at path D:/Medieteknik_program/TDDD23/TDDD23/TDDD23 Projekt/Assets
GfxDevice: creating device client; threaded=0; jobified=0
Direct3D:
    Version:  Direct3D 11.0 [level 11.1]
    Renderer: NVIDIA GeForce GTX 970 (ID=0x13c2)
    Vendor:   NVIDIA
    VRAM:     4043 MB
    Driver:   27.21.14.6079
Initialize mono
Mono path[0] = 'C:/Program Files/Unity/Hub/Editor/2021.1.20f1/Editor/Data/Managed'
Mono path[1] = 'C:/Program Files/Unity/Hub/Editor/2021.1.20f1/Editor/Data/MonoBleedingEdge/lib/mono/unityjit'
Mono config path = 'C:/Program Files/Unity/Hub/Editor/2021.1.20f1/Editor/Data/MonoBleedingEdge/etc'
Using monoOptions --debugger-agent=transport=dt_socket,embedding=1,server=y,suspend=n,address=127.0.0.1:56064
Begin MonoManager ReloadAssembly
Registering precompiled unity dll's ...
Register platform support module: C:/Program Files/Unity/Hub/Editor/2021.1.20f1/Editor/Data/PlaybackEngines/WindowsStandaloneSupport/UnityEditor.WindowsStandalone.Extensions.dll
Registered in 0.004909 seconds.
Native extension for WindowsStandalone target not found
Refreshing native plugins compatible for Editor in 140.62 ms, found 4 plugins.
Preloading 0 native plugins for Editor in 0.00 ms.
Mono: successfully reloaded assembly
- Completed reload, in  1.897 seconds
Domain Reload Profiling:
	ReloadAssembly (1897ms)
		BeginReloadAssembly (109ms)
			ExecutionOrderSort (0ms)
			DisableScriptedObjects (0ms)
			BackupInstance (0ms)
			ReleaseScriptingObjects (0ms)
			CreateAndSetChildDomain (1ms)
		EndReloadAssembly (629ms)
			LoadAssemblies (104ms)
			RebuildTransferFunctionScriptingTraits (0ms)
			SetupTypeCache (211ms)
			ReleaseScriptCaches (0ms)
			RebuildScriptCaches (34ms)
			SetupLoadedEditorAssemblies (321ms)
				LogAssemblyErrors (0ms)
				InitializePlatformSupportModulesInManaged (8ms)
				SetLoadedEditorAssemblies (0ms)
				RefreshPlugins (141ms)
				BeforeProcessingInitializeOnLoad (2ms)
				ProcessInitializeOnLoadAttributes (130ms)
				ProcessInitializeOnLoadMethodAttributes (40ms)
				AfterProcessingInitializeOnLoad (0ms)
				EditorAssembliesLoaded (0ms)
			ExecutionOrderSort2 (0ms)
			AwakeInstancesAfterBackupRestoration (0ms)
Platform modules already initialized, skipping
Registering precompiled user dll's ...
Registered in 0.011129 seconds.
Begin MonoManager ReloadAssembly
Symbol file LoadedFromMemory doesn't match image D:\Medieteknik_program\TDDD23\TDDD23\TDDD23 Projekt\Library\PackageCache\com.unity.visualscripting@1.6.1\Editor\VisualScripting.Core\Dependencies\YamlDotNet\Unity.VisualScripting.YamlDotNet.dll
Symbol file LoadedFromMemory doesn't match image D:\Medieteknik_program\TDDD23\TDDD23\TDDD23 Projekt\Library\PackageCache\com.unity.visualscripting@1.6.1\Editor\VisualScripting.Core\Dependencies\DotNetZip\Unity.VisualScripting.IonicZip.dll
Native extension for WindowsStandalone target not found
Refreshing native plugins compatible for Editor in 229.89 ms, found 4 plugins.
Preloading 0 native plugins for Editor in 0.00 ms.
Mono: successfully reloaded assembly
- Completed reload, in  2.502 seconds
Domain Reload Profiling:
	ReloadAssembly (2503ms)
		BeginReloadAssembly (255ms)
			ExecutionOrderSort (0ms)
			DisableScriptedObjects (6ms)
			BackupInstance (0ms)
			ReleaseScriptingObjects (0ms)
			CreateAndSetChildDomain (28ms)
		EndReloadAssembly (2121ms)
			LoadAssemblies (237ms)
			RebuildTransferFunctionScriptingTraits (0ms)
			SetupTypeCache (578ms)
			ReleaseScriptCaches (1ms)
			RebuildScriptCaches (87ms)
			SetupLoadedEditorAssemblies (1056ms)
				LogAssemblyErrors (0ms)
				InitializePlatformSupportModulesInManaged (9ms)
				SetLoadedEditorAssemblies (0ms)
				RefreshPlugins (230ms)
				BeforeProcessingInitializeOnLoad (305ms)
				ProcessInitializeOnLoadAttributes (420ms)
				ProcessInitializeOnLoadMethodAttributes (70ms)
				AfterProcessingInitializeOnLoad (22ms)
				EditorAssembliesLoaded (0ms)
			ExecutionOrderSort2 (0ms)
			AwakeInstancesAfterBackupRestoration (9ms)
Platform modules already initialized, skipping
========================================================================
Worker process is ready to serve import requests
Launched and connected shader compiler UnityShaderCompiler.exe after 0.15 seconds
Refreshing native plugins compatible for Editor in 1.20 ms, found 4 plugins.
Preloading 0 native plugins for Editor in 0.00 ms.
Unloading 4145 Unused Serialized files (Serialized files now loaded: 0)
System memory in use before: 153.1 MB.
System memory in use after: 153.4 MB.

Unloading 33 unused Assets to reduce memory usage. Loaded Objects now: 4597.
Total: 5.365300 ms (FindLiveObjects: 0.491600 ms CreateObjectMapping: 0.403600 ms MarkObjects: 4.376300 ms  DeleteObjects: 0.092800 ms)

AssetImportParameters requested are different than current active one (requested -> active):
  custom:framework-win-MediaFoundation: 216162199b28c13a410421893ffa2e32 -> 
  custom:video-decoder-ogg-theora: a1e56fd34408186e4bbccfd4996cb3dc -> 
  custom:container-muxer-webm: aa71ff27fc2769a1b78a27578f13a17b -> 
  custom:container-demuxer-webm: 4f35f7cbe854078d1ac9338744f61a02 -> 
  custom:container-demuxer-ogg: 62fdf1f143b41e24485cea50d1cbac27 -> 
  custom:video-encoder-webm-vp8: eb34c28f22e8b96e1ab97ce403110664 -> 
  custom:video-codec-MediaFoundation-h265: 746d11721c4dcdbdad8f713fa42b33f4 -> 
  custom:video-decoder-webm-vp8: 9c59270c3fd7afecdb556c50c9e8de78 -> 
  custom:audio-decoder-ogg-vorbis: bf7c407c2cedff20999df2af8eb42d56 -> 
  custom:audio-encoder-webm-vorbis: bf7c407c2cedff20999df2af8eb42d56 -> 
========================================================================
Received Import Request.
  path: Assets/NinjaAdventure/NinjaAdventure/Actor/Characters/Greenman/SeparateAnim/Walk.png
  artifactKey: Guid(fce9fd4866bacae47afe12bf1977a679) Importer(815301076,1909f56bfc062723c751e8b465ee728b)
Start importing Assets/NinjaAdventure/NinjaAdventure/Actor/Characters/Greenman/SeparateAnim/Walk.png using Guid(fce9fd4866bacae47afe12bf1977a679) Importer(815301076,1909f56bfc062723c751e8b465ee728b)  -> (artifact id: 'b286f0f5cb980c0a47141770fdc9ce37') in 0.157695 seconds 
========================================================================
Received Import Request.
  Time since last request: 0.001054 seconds.
  path: Assets/NinjaAdventure/NinjaAdventure/Actor/Characters/Caveman/SeparateAnim/Walk.png
  artifactKey: Guid(4bacbefc34ee0d945840caaeade44df0) Importer(815301076,1909f56bfc062723c751e8b465ee728b)
Start importing Assets/NinjaAdventure/NinjaAdventure/Actor/Characters/Caveman/SeparateAnim/Walk.png using Guid(4bacbefc34ee0d945840caaeade44df0) Importer(815301076,1909f56bfc062723c751e8b465ee728b)  -> (artifact id: '538c6bac3cba2e25c55482c6f030338f') in 0.038800 seconds 
========================================================================
Received Import Request.
  Time since last request: 0.000600 seconds.
  path: Assets/NinjaAdventure/NinjaAdventure/Actor/Characters/DarkNinja/SeparateAnim/Walk.png
  artifactKey: Guid(169ac3e8bf776894cbd651cdd85ac6e9) Importer(815301076,1909f56bfc062723c751e8b465ee728b)
Start importing Assets/NinjaAdventure/NinjaAdventure/Actor/Characters/DarkNinja/SeparateAnim/Walk.png using Guid(169ac3e8bf776894cbd651cdd85ac6e9) Importer(815301076,1909f56bfc062723c751e8b465ee728b)  -> (artifact id: '6baa52cd5a4ba87a4df95bf399a4ed48') in 0.040576 seconds 
========================================================================
Received Import Request.
  Time since last request: 0.000502 seconds.
  path: Assets/NinjaAdventure/NinjaAdventure/Actor/Characters/GrayNinja/SeparateAnim/Walk.png
  artifactKey: Guid(f473839b135cf094f860a2681312d799) Importer(815301076,1909f56bfc062723c751e8b465ee728b)
Start importing Assets/NinjaAdventure/NinjaAdventure/Actor/Characters/GrayNinja/SeparateAnim/Walk.png using Guid(f473839b135cf094f860a2681312d799) Importer(815301076,1909f56bfc062723c751e8b465ee728b)  -> (artifact id: '7dc87e16c766b331c1e19f13fd0b0322') in 0.035519 seconds 
========================================================================
Received Import Request.
  Time since last request: 0.000589 seconds.
  path: Assets/NinjaAdventure/NinjaAdventure/Actor/Characters/GoldKnight/SeparateAnim/Walk.png
  artifactKey: Guid(63835a6fec2f6ab408be44a2ff85e42f) Importer(815301076,1909f56bfc062723c751e8b465ee728b)
Start importing Assets/NinjaAdventure/NinjaAdventure/Actor/Characters/GoldKnight/SeparateAnim/Walk.png using Guid(63835a6fec2f6ab408be44a2ff85e42f) Importer(815301076,1909f56bfc062723c751e8b465ee728b)  -> (artifact id: '95cc87fde414a26a7bb87692b8e4b79e') in 0.033703 seconds 
========================================================================
Received Import Request.
  Time since last request: 0.000732 seconds.
  path: Assets/NinjaAdventure/NinjaAdventure/Actor/Characters/Villager/SeparateAnim/Walk.png
  artifactKey: Guid(41db7319e363d9e4e80c3e8c0cb29a02) Importer(815301076,1909f56bfc062723c751e8b465ee728b)
Start importing Assets/NinjaAdventure/NinjaAdventure/Actor/Characters/Villager/SeparateAnim/Walk.png using Guid(41db7319e363d9e4e80c3e8c0cb29a02) Importer(815301076,1909f56bfc062723c751e8b465ee728b)  -> (artifact id: '74c5d093f771352d2ea1a313300ca813') in 0.026835 seconds 
========================================================================
Received Import Request.
  Time since last request: 0.000718 seconds.
  path: Assets/NinjaAdventure/NinjaAdventure/Actor/Characters/Lion/SeparateAnim/Walk.png
  artifactKey: Guid(05c19983eb26b994a81fd4d71324a83e) Importer(815301076,1909f56bfc062723c751e8b465ee728b)
Start importing Assets/NinjaAdventure/NinjaAdventure/Actor/Characters/Lion/SeparateAnim/Walk.png using Guid(05c19983eb26b994a81fd4d71324a83e) Importer(815301076,1909f56bfc062723c751e8b465ee728b)  -> (artifact id: '102255cf2c550c30d4b9072e6e23d88a') in 0.036095 seconds 
========================================================================
Received Import Request.
  Time since last request: 0.000800 seconds.
  path: Assets/NinjaAdventure/NinjaAdventure/Actor/Characters/Villager2/SeparateAnim/Walk.png
  artifactKey: Guid(b89c59bfe8e8f244cbd47b644e6ab0fb) Importer(815301076,1909f56bfc062723c751e8b465ee728b)
Start importing Assets/NinjaAdventure/NinjaAdventure/Actor/Characters/Villager2/SeparateAnim/Walk.png using Guid(b89c59bfe8e8f244cbd47b644e6ab0fb) Importer(815301076,1909f56bfc062723c751e8b465ee728b)  -> (artifact id: 'b130b03b958fb8f307c0f200cfeacbd8') in 0.020776 seconds 
========================================================================
Received Import Request.
  Time since last request: 0.000754 seconds.
  path: Assets/NinjaAdventure/NinjaAdventure/Actor/Characters/Monk2/SeparateAnim/Walk.png
  artifactKey: Guid(dbd87760e8fa3e344bfc13fa702b803f) Importer(815301076,1909f56bfc062723c751e8b465ee728b)
Start importing Assets/NinjaAdventure/NinjaAdventure/Actor/Characters/Monk2/SeparateAnim/Walk.png using Guid(dbd87760e8fa3e344bfc13fa702b803f) Importer(815301076,1909f56bfc062723c751e8b465ee728b)  -> (artifact id: '472f82aa4642a250cae38f2e5a210aa4') in 0.023919 seconds 
========================================================================
Received Import Request.
  Time since last request: 0.000902 seconds.
  path: Assets/NinjaAdventure/NinjaAdventure/Actor/Boss/DemonCyclop2/WalkPreview.gif
  artifactKey: Guid(77151d80748893e4298f68694340824f) Importer(815301076,1909f56bfc062723c751e8b465ee728b)
Start importing Assets/NinjaAdventure/NinjaAdventure/Actor/Boss/DemonCyclop2/WalkPreview.gif using Guid(77151d80748893e4298f68694340824f) Importer(815301076,1909f56bfc062723c751e8b465ee728b)  -> (artifact id: '102a9414f6ef932706cc495fa4cc8bee') in 0.043880 seconds 
========================================================================
Received Import Request.
  Time since last request: 0.000800 seconds.
  path: Assets/NinjaAdventure/NinjaAdventure/Actor/Characters/Monk/SeparateAnim/Walk.png
  artifactKey: Guid(0d689145458f00a44bb2948161d4744b) Importer(815301076,1909f56bfc062723c751e8b465ee728b)
Start importing Assets/NinjaAdventure/NinjaAdventure/Actor/Characters/Monk/SeparateAnim/Walk.png using Guid(0d689145458f00a44bb2948161d4744b) Importer(815301076,1909f56bfc062723c751e8b465ee728b)  -> (artifact id: 'f62c158a8d05f1edd3c7c080c9d176f0') in 0.021133 seconds 
========================================================================
Received Import Request.
  Time since last request: 0.000965 seconds.
  path: Assets/NinjaAdventure/NinjaAdventure/Actor/Boss/DemonCyclop/WalkPreview.gif
  artifactKey: Guid(41e75aea64a746945b2715ce5184b07a) Importer(815301076,1909f56bfc062723c751e8b465ee728b)
Start importing Assets/NinjaAdventure/NinjaAdventure/Actor/Boss/DemonCyclop/WalkPreview.gif using Guid(41e75aea64a746945b2715ce5184b07a) Importer(815301076,1909f56bfc062723c751e8b465ee728b)  -> (artifact id: '73d8adae5bfcb47b4d0a59e44bb91f4b') in 0.023059 seconds 
========================================================================
Received Import Request.
  Time since last request: 0.000740 seconds.
  path: Assets/NinjaAdventure/NinjaAdventure/Actor/Characters/OldMan/SeparateAnim/Walk.png
  artifactKey: Guid(eaff623bf0486e242bd4e70ecab47656) Importer(815301076,1909f56bfc062723c751e8b465ee728b)
Start importing Assets/NinjaAdventure/NinjaAdventure/Actor/Characters/OldMan/SeparateAnim/Walk.png using Guid(eaff623bf0486e242bd4e70ecab47656) Importer(815301076,1909f56bfc062723c751e8b465ee728b)  -> (artifact id: '18c39693dbc11c8c319e4441c22a7790') in 0.030258 seconds 
========================================================================
Received Import Request.
  Time since last request: 0.000507 seconds.
  path: Assets/NinjaAdventure/NinjaAdventure/HUD/Dialog/YesButton.png
  artifactKey: Guid(883f1d04524d26941aae85c280c9c535) Importer(815301076,1909f56bfc062723c751e8b465ee728b)
Start importing Assets/NinjaAdventure/NinjaAdventure/HUD/Dialog/YesButton.png using Guid(883f1d04524d26941aae85c280c9c535) Importer(815301076,1909f56bfc062723c751e8b465ee728b)  -> (artifact id: '3e165152173aced9c17b43bef7fad1fb') in 0.026280 seconds 
========================================================================
Received Import Request.
  Time since last request: 0.000622 seconds.
  path: Assets/NinjaAdventure/NinjaAdventure/Actor/Characters/Master/SeparateAnim/Walk.png
  artifactKey: Guid(1b4a0f71b4a870b44adb187054c6432e) Importer(815301076,1909f56bfc062723c751e8b465ee728b)
Start importing Assets/NinjaAdventure/NinjaAdventure/Actor/Characters/Master/SeparateAnim/Walk.png using Guid(1b4a0f71b4a870b44adb187054c6432e) Importer(815301076,1909f56bfc062723c751e8b465ee728b)  -> (artifact id: '398948f91b36d4cf3c16eb05acffe596') in 0.022117 seconds 
========================================================================
Received Import Request.
  Time since last request: 0.000728 seconds.
  path: Assets/NinjaAdventure/NinjaAdventure/Actor/Characters/Villager4/SeparateAnim/Walk.png
  artifactKey: Guid(3a470e91d17d85343a6d47881b814280) Importer(815301076,1909f56bfc062723c751e8b465ee728b)
Start importing Assets/NinjaAdventure/NinjaAdventure/Actor/Characters/Villager4/SeparateAnim/Walk.png using Guid(3a470e91d17d85343a6d47881b814280) Importer(815301076,1909f56bfc062723c751e8b465ee728b)  -> (artifact id: 'c7e43eace02ab4aa21468c6dd39420ee') in 0.051272 seconds 
========================================================================
Received Import Request.
  Time since last request: 0.000781 seconds.
  path: Assets/NinjaAdventure/NinjaAdventure/Actor/Characters/Boy/SeparateAnim/Walk.png
  artifactKey: Guid(dd06c7e493c836c468aec6bb23638a71) Importer(815301076,1909f56bfc062723c751e8b465ee728b)
Start importing Assets/NinjaAdventure/NinjaAdventure/Actor/Characters/Boy/SeparateAnim/Walk.png using Guid(dd06c7e493c836c468aec6bb23638a71) Importer(815301076,1909f56bfc062723c751e8b465ee728b)  -> (artifact id: '116e624dfb9b13d17ea178d95b55aecd') in 0.034787 seconds 
========================================================================
Received Import Request.
  Time since last request: 0.000672 seconds.
  path: Assets/NinjaAdventure/NinjaAdventure/Actor/Characters/RedNinja/SeparateAnim/Walk.png
  artifactKey: Guid(a7d6a3e2f443c834e907e46e787fbde4) Importer(815301076,1909f56bfc062723c751e8b465ee728b)
Start importing Assets/NinjaAdventure/NinjaAdventure/Actor/Characters/RedNinja/SeparateAnim/Walk.png using Guid(a7d6a3e2f443c834e907e46e787fbde4) Importer(815301076,1909f56bfc062723c751e8b465ee728b)  -> (artifact id: 'a94b32c69e689ed352e5e1eb30fc8f22') in 0.036760 seconds 
========================================================================
Received Import Request.
  Time since last request: 0.001058 seconds.
  path: Assets/NinjaAdventure/NinjaAdventure/Items/WeaponPreview2.png
  artifactKey: Guid(7d015d18e4f1bd44a8222316ef0a96a8) Importer(815301076,1909f56bfc062723c751e8b465ee728b)
Start importing Assets/NinjaAdventure/NinjaAdventure/Items/WeaponPreview2.png using Guid(7d015d18e4f1bd44a8222316ef0a96a8) Importer(815301076,1909f56bfc062723c751e8b465ee728b)  -> (artifact id: 'a67d9a8912dae760ec06c9da91ad1026') in 0.023153 seconds 
========================================================================
Received Import Request.
  Time since last request: 0.000860 seconds.
  path: Assets/NinjaAdventure/NinjaAdventure/Actor/Characters/Princess/SeparateAnim/Walk.png
  artifactKey: Guid(1f946094b3be19a4ca9b5bb94e04b1c7) Importer(815301076,1909f56bfc062723c751e8b465ee728b)
Start importing Assets/NinjaAdventure/NinjaAdventure/Actor/Characters/Princess/SeparateAnim/Walk.png using Guid(1f946094b3be19a4ca9b5bb94e04b1c7) Importer(815301076,1909f56bfc062723c751e8b465ee728b)  -> (artifact id: '3527afc3807acb90e3bbb88ba730ebfb') in 0.033568 seconds 
========================================================================
Received Import Request.
  Time since last request: 0.000860 seconds.
  path: Assets/NinjaAdventure/NinjaAdventure/Items/Food/Yakitori.png
  artifactKey: Guid(cb2ba2205bcb3fc479844bfafa0eb268) Importer(815301076,1909f56bfc062723c751e8b465ee728b)
Start importing Assets/NinjaAdventure/NinjaAdventure/Items/Food/Yakitori.png using Guid(cb2ba2205bcb3fc479844bfafa0eb268) Importer(815301076,1909f56bfc062723c751e8b465ee728b)  -> (artifact id: '9945665dd568772c349c8bda3ffd548c') in 0.028804 seconds 
========================================================================
Received Import Request.
  Time since last request: 0.000609 seconds.
  path: Assets/NinjaAdventure/NinjaAdventure/Items/Potion/WaterPot.png
  artifactKey: Guid(cf1469c8e781b3843a4eab224874edbe) Importer(815301076,1909f56bfc062723c751e8b465ee728b)
Start importing Assets/NinjaAdventure/NinjaAdventure/Items/Potion/WaterPot.png using Guid(cf1469c8e781b3843a4eab224874edbe) Importer(815301076,1909f56bfc062723c751e8b465ee728b)  -> (artifact id: 'd22e3f69c7f138bab88b752af79c33ad') in 0.020266 seconds 
========================================================================
Received Import Request.
  Time since last request: 0.000817 seconds.
  path: Assets/NinjaAdventure/NinjaAdventure/Actor/Boss/DemonCyclop/Walk.png
  artifactKey: Guid(48e7d1c582fa14047917122df2e9e9a7) Importer(815301076,1909f56bfc062723c751e8b465ee728b)
Start importing Assets/NinjaAdventure/NinjaAdventure/Actor/Boss/DemonCyclop/Walk.png using Guid(48e7d1c582fa14047917122df2e9e9a7) Importer(815301076,1909f56bfc062723c751e8b465ee728b)  -> (artifact id: '8a90ae073ab6f19bc678b0842bfb8d77') in 0.123798 seconds 
========================================================================
Received Import Request.
  Time since last request: 0.000625 seconds.
  path: Assets/NinjaAdventure/NinjaAdventure/Actor/Characters/Knight/SeparateAnim/Walk.png
  artifactKey: Guid(47a2db9937cc93a44acaa2c0dd1a3f52) Importer(815301076,1909f56bfc062723c751e8b465ee728b)
Start importing Assets/NinjaAdventure/NinjaAdventure/Actor/Characters/Knight/SeparateAnim/Walk.png using Guid(47a2db9937cc93a44acaa2c0dd1a3f52) Importer(815301076,1909f56bfc062723c751e8b465ee728b)  -> (artifact id: 'fa26d1125cebe3f4f9f4468a9047cb93') in 0.074974 seconds 
========================================================================
Received Import Request.
  Time since last request: 0.000589 seconds.
  path: Assets/NinjaAdventure/NinjaAdventure/Actor/Characters/RedSamurai/SeparateAnim/Walk.png
  artifactKey: Guid(3b5d7d3f3c3029944858aa1c48261269) Importer(815301076,1909f56bfc062723c751e8b465ee728b)
Start importing Assets/NinjaAdventure/NinjaAdventure/Actor/Characters/RedSamurai/SeparateAnim/Walk.png using Guid(3b5d7d3f3c3029944858aa1c48261269) Importer(815301076,1909f56bfc062723c751e8b465ee728b)  -> (artifact id: 'e6851c58dfd318ef2a4fd32ddb58a28a') in 0.032989 seconds 
========================================================================
Received Import Request.
  Time since last request: 171.965662 seconds.
  path: Assets/Settings/InputSystem.inputsettings.asset
  artifactKey: Guid(68229b393e0029a41b67e665b1749d65) Importer(815301076,1909f56bfc062723c751e8b465ee728b)
Start importing Assets/Settings/InputSystem.inputsettings.asset using Guid(68229b393e0029a41b67e665b1749d65) Importer(815301076,1909f56bfc062723c751e8b465ee728b)  -> (artifact id: 'dace3113e8f1897abc01b6ddcb7870a4') in 0.016657 seconds 
========================================================================
Received Import Request.
  Time since last request: 6.948435 seconds.
  path: Assets/NinjaAdventure/NinjaAdventure
  artifactKey: Guid(8e5c6b1e1a3fa1049b1e243d8f4f80a9) Importer(815301076,1909f56bfc062723c751e8b465ee728b)
Start importing Assets/NinjaAdventure/NinjaAdventure using Guid(8e5c6b1e1a3fa1049b1e243d8f4f80a9) Importer(815301076,1909f56bfc062723c751e8b465ee728b)  -> (artifact id: 'f77f500758b9be44ceed537656645131') in 0.011208 seconds 
========================================================================
Received Import Request.
  Time since last request: 0.032508 seconds.
  path: Assets/NinjaAdventure/NinjaAdventure/Example 1.gif
  artifactKey: Guid(cfadffb8f9bfca14e9028b68231dd79e) Importer(815301076,1909f56bfc062723c751e8b465ee728b)
Start importing Assets/NinjaAdventure/NinjaAdventure/Example 1.gif using Guid(cfadffb8f9bfca14e9028b68231dd79e) Importer(815301076,1909f56bfc062723c751e8b465ee728b)  -> (artifact id: '564cec071f129db151a3c8218e551790') in 0.071579 seconds 
========================================================================
Received Import Request.
  Time since last request: 0.000966 seconds.
  path: Assets/NinjaAdventure/NinjaAdventure/Palette.png
  artifactKey: Guid(7de1a30f02c212142888e451a9c2653d) Importer(815301076,1909f56bfc062723c751e8b465ee728b)
Start importing Assets/NinjaAdventure/NinjaAdventure/Palette.png using Guid(7de1a30f02c212142888e451a9c2653d) Importer(815301076,1909f56bfc062723c751e8b465ee728b)  -> (artifact id: 'a48fd9c55e91e33eed9cf95164af8e3e') in 0.054951 seconds 
========================================================================
Received Import Request.
  Time since last request: 0.000874 seconds.
  path: Assets/NinjaAdventure/NinjaAdventure/Example 2.gif
  artifactKey: Guid(adfc268cfde7b9843ac1787200fd2d1c) Importer(815301076,1909f56bfc062723c751e8b465ee728b)
Start importing Assets/NinjaAdventure/NinjaAdventure/Example 2.gif using Guid(adfc268cfde7b9843ac1787200fd2d1c) Importer(815301076,1909f56bfc062723c751e8b465ee728b)  -> (artifact id: '67732498f7fe030943fdf77425569aff') in 0.065629 seconds 
========================================================================
Received Import Request.
  Time since last request: 0.000778 seconds.
  path: Assets/NinjaAdventure/NinjaAdventure/preview-part-2.png
  artifactKey: Guid(4621aa993e9ca234881ffd85575c8aaa) Importer(815301076,1909f56bfc062723c751e8b465ee728b)
Start importing Assets/NinjaAdventure/NinjaAdventure/preview-part-2.png using Guid(4621aa993e9ca234881ffd85575c8aaa) Importer(815301076,1909f56bfc062723c751e8b465ee728b)  -> (artifact id: '75ad3a09db9cf9277a1ba3cbafd293a2') in 0.053532 seconds 
========================================================================
Received Import Request.
  Time since last request: 0.000631 seconds.
  path: Assets/NinjaAdventure/NinjaAdventure/Example 3.gif
  artifactKey: Guid(8d4a2082c72e20140bf309d6d5428c27) Importer(815301076,1909f56bfc062723c751e8b465ee728b)
Start importing Assets/NinjaAdventure/NinjaAdventure/Example 3.gif using Guid(8d4a2082c72e20140bf309d6d5428c27) Importer(815301076,1909f56bfc062723c751e8b465ee728b)  -> (artifact id: '1768de48c20816d115486e176c85c3f6') in 0.060517 seconds 
========================================================================
Received Import Request.
  Time since last request: 0.000837 seconds.
  path: Assets/NinjaAdventure/NinjaAdventure/preview-part-1.png
  artifactKey: Guid(d40c53e4c696ac046935489c872cc0ab) Importer(815301076,1909f56bfc062723c751e8b465ee728b)
Start importing Assets/NinjaAdventure/NinjaAdventure/preview-part-1.png using Guid(d40c53e4c696ac046935489c872cc0ab) Importer(815301076,1909f56bfc062723c751e8b465ee728b)  -> (artifact id: 'f382d08eb1d12695da609cd45c0b496f') in 0.040458 seconds 
========================================================================
Received Import Request.
  Time since last request: 0.000861 seconds.
  path: Assets/NinjaAdventure/NinjaAdventure/Example 5 ( Old Version).png
  artifactKey: Guid(dc3ce415284d915419bb0b3f3f47607e) Importer(815301076,1909f56bfc062723c751e8b465ee728b)
Start importing Assets/NinjaAdventure/NinjaAdventure/Example 5 ( Old Version).png using Guid(dc3ce415284d915419bb0b3f3f47607e) Importer(815301076,1909f56bfc062723c751e8b465ee728b)  -> (artifact id: '62ce828edbb7660f6986cb07b011b8b9') in 0.031292 seconds 
========================================================================
Received Import Request.
  Time since last request: 0.000536 seconds.
  path: Assets/NinjaAdventure/NinjaAdventure/Example 4.gif
  artifactKey: Guid(8be593dbd472da447bac94be59a7db46) Importer(815301076,1909f56bfc062723c751e8b465ee728b)
Start importing Assets/NinjaAdventure/NinjaAdventure/Example 4.gif using Guid(8be593dbd472da447bac94be59a7db46) Importer(815301076,1909f56bfc062723c751e8b465ee728b)  -> (artifact id: '6180229f201cec44c4d34ab0ad3bd469') in 0.051994 seconds 
========================================================================
Received Import Request.
  Time since last request: 0.000591 seconds.
  path: Assets/NinjaAdventure/NinjaAdventure/MusicCover.png
  artifactKey: Guid(aa325f01e6ad44d4fa5f971b51c642e9) Importer(815301076,1909f56bfc062723c751e8b465ee728b)
Start importing Assets/NinjaAdventure/NinjaAdventure/MusicCover.png using Guid(aa325f01e6ad44d4fa5f971b51c642e9) Importer(815301076,1909f56bfc062723c751e8b465ee728b)  -> (artifact id: 'b1a6646b3d91eb6679b6ebd3d01e4cd2') in 0.046978 seconds 
========================================================================
Received Import Request.
  Time since last request: 0.705565 seconds.
  path: Assets/NinjaAdventure/NinjaAdventure/Backgrounds
  artifactKey: Guid(dd9fb0f4df849b64aa738a3e16b634b6) Importer(815301076,1909f56bfc062723c751e8b465ee728b)
Start importing Assets/NinjaAdventure/NinjaAdventure/Backgrounds using Guid(dd9fb0f4df849b64aa738a3e16b634b6) Importer(815301076,1909f56bfc062723c751e8b465ee728b)  -> (artifact id: 'b2f560d8dd8ffd3c0a46f88917ccec8c') in 0.006185 seconds 
========================================================================
Received Import Request.
  Time since last request: 1.947155 seconds.
  path: Assets/NinjaAdventure/NinjaAdventure/Backgrounds/Animated
  artifactKey: Guid(e98604f9db4cee144867c529af810d33) Importer(815301076,1909f56bfc062723c751e8b465ee728b)
Start importing Assets/NinjaAdventure/NinjaAdventure/Backgrounds/Animated using Guid(e98604f9db4cee144867c529af810d33) Importer(815301076,1909f56bfc062723c751e8b465ee728b)  -> (artifact id: '3619a4922788cd11121d2010ee50fd19') in 0.004392 seconds 
========================================================================
Received Import Request.
  Time since last request: 116.762352 seconds.
  path: Assets/MainMenu
  artifactKey: Guid(0f8f71c28f8825647a42256d2ee32603) Importer(815301076,1909f56bfc062723c751e8b465ee728b)
Start importing Assets/MainMenu using Guid(0f8f71c28f8825647a42256d2ee32603) Importer(815301076,1909f56bfc062723c751e8b465ee728b)  -> (artifact id: '4d797533ff2acb34b476f9756e075a2c') in 0.007081 seconds 
========================================================================
Received Import Request.
  Time since last request: 6.287658 seconds.
  path: Assets/MainMenu/old-black-background-grunge-texture-dark-wallpaper-blackboard-chalkboard-concrete.jpg
  artifactKey: Guid(9b928bc4c60cc464c9de64df85686f5e) Importer(815301076,1909f56bfc062723c751e8b465ee728b)
Start importing Assets/MainMenu/old-black-background-grunge-texture-dark-wallpaper-blackboard-chalkboard-concrete.jpg using Guid(9b928bc4c60cc464c9de64df85686f5e) Importer(815301076,1909f56bfc062723c751e8b465ee728b)  -> (artifact id: '66bb86acbd5becb25e29eee10b8da932') in 0.031400 seconds 
========================================================================
Received Import Request.
  Time since last request: 189.297825 seconds.
  path: Packages/com.unity.textmeshpro/package.json
  artifactKey: Guid(220e9325710f4235a43492dd1ee4980d) Importer(815301076,1909f56bfc062723c751e8b465ee728b)
Start importing Packages/com.unity.textmeshpro/package.json using Guid(220e9325710f4235a43492dd1ee4980d) Importer(815301076,1909f56bfc062723c751e8b465ee728b)  -> (artifact id: '2c6d4de5db3a39bcb3575c98dc9df750') in 0.024482 seconds 
========================================================================
Received Import Request.
  Time since last request: 85.517748 seconds.
  path: Assets/TextMesh Pro/Resources/Fonts & Materials/LiberationSans SDF.asset
  artifactKey: Guid(8f586378b4e144a9851e7b34d9b748ee) Importer(815301076,1909f56bfc062723c751e8b465ee728b)
Start importing Assets/TextMesh Pro/Resources/Fonts & Materials/LiberationSans SDF.asset using Guid(8f586378b4e144a9851e7b34d9b748ee) Importer(815301076,1909f56bfc062723c751e8b465ee728b)  -> (artifact id: 'f1280cc7be10b532b2897fc8654f95d3') in 0.131211 seconds 
========================================================================
Received Import Request.
  Time since last request: 0.000638 seconds.
  path: Assets/TextMesh Pro/Resources/Fonts & Materials/LiberationSans SDF - Fallback.asset
  artifactKey: Guid(2e498d1c8094910479dc3e1b768306a4) Importer(815301076,1909f56bfc062723c751e8b465ee728b)
Start importing Assets/TextMesh Pro/Resources/Fonts & Materials/LiberationSans SDF - Fallback.asset using Guid(2e498d1c8094910479dc3e1b768306a4) Importer(815301076,1909f56bfc062723c751e8b465ee728b)  -> (artifact id: 'b8c2210586957436df79bf961aeff06e') in 0.026584 seconds 
========================================================================
Received Import Request.
  Time since last request: 98.640979 seconds.
  path: Assets/MainMenu/New TMP Color Gradient.asset
  artifactKey: Guid(a7929e7757c252c48859fd1b46e2be12) Importer(815301076,1909f56bfc062723c751e8b465ee728b)
Start importing Assets/MainMenu/New TMP Color Gradient.asset using Guid(a7929e7757c252c48859fd1b46e2be12) Importer(815301076,1909f56bfc062723c751e8b465ee728b)  -> (artifact id: '0dfbc00a7315912244f27a1f7d2a5b04') in 0.264243 seconds 
========================================================================
Received Prepare
Registering precompiled user dll's ...
Registered in 0.011846 seconds.
Begin MonoManager ReloadAssembly
Symbol file LoadedFromMemory doesn't match image D:\Medieteknik_program\TDDD23\TDDD23\TDDD23 Projekt\Library\PackageCache\com.unity.visualscripting@1.6.1\Editor\VisualScripting.Core\Dependencies\YamlDotNet\Unity.VisualScripting.YamlDotNet.dll
Symbol file LoadedFromMemory doesn't match image D:\Medieteknik_program\TDDD23\TDDD23\TDDD23 Projekt\Library\PackageCache\com.unity.visualscripting@1.6.1\Editor\VisualScripting.Core\Dependencies\DotNetZip\Unity.VisualScripting.IonicZip.dll
Native extension for WindowsStandalone target not found
Refreshing native plugins compatible for Editor in 1.22 ms, found 4 plugins.
Preloading 0 native plugins for Editor in 0.00 ms.
Mono: successfully reloaded assembly
- Completed reload, in  2.414 seconds
Domain Reload Profiling:
	ReloadAssembly (2415ms)
		BeginReloadAssembly (298ms)
			ExecutionOrderSort (0ms)
			DisableScriptedObjects (8ms)
			BackupInstance (0ms)
			ReleaseScriptingObjects (0ms)
			CreateAndSetChildDomain (83ms)
		EndReloadAssembly (1992ms)
			LoadAssemblies (378ms)
			RebuildTransferFunctionScriptingTraits (0ms)
			SetupTypeCache (710ms)
			ReleaseScriptCaches (2ms)
			RebuildScriptCaches (97ms)
			SetupLoadedEditorAssemblies (514ms)
				LogAssemblyErrors (0ms)
				InitializePlatformSupportModulesInManaged (10ms)
				SetLoadedEditorAssemblies (1ms)
				RefreshPlugins (1ms)
				BeforeProcessingInitializeOnLoad (98ms)
				ProcessInitializeOnLoadAttributes (373ms)
				ProcessInitializeOnLoadMethodAttributes (14ms)
				AfterProcessingInitializeOnLoad (16ms)
				EditorAssembliesLoaded (0ms)
			ExecutionOrderSort2 (0ms)
			AwakeInstancesAfterBackupRestoration (24ms)
Platform modules already initialized, skipping
Refreshing native plugins compatible for Editor in 1.32 ms, found 4 plugins.
Preloading 0 native plugins for Editor in 0.00 ms.
Unloading 4216 Unused Serialized files (Serialized files now loaded: 0)
System memory in use before: 191.4 MB.
System memory in use after: 191.1 MB.

Unloading 31 unused Assets to reduce memory usage. Loaded Objects now: 5259.
Total: 5.877000 ms (FindLiveObjects: 0.521000 ms CreateObjectMapping: 0.674300 ms MarkObjects: 4.398800 ms  DeleteObjects: 0.281500 ms)

AssetImportParameters requested are different than current active one (requested -> active):
  custom:framework-win-MediaFoundation: 216162199b28c13a410421893ffa2e32 -> 
  custom:video-decoder-ogg-theora: a1e56fd34408186e4bbccfd4996cb3dc -> 
  custom:container-muxer-webm: aa71ff27fc2769a1b78a27578f13a17b -> 
  custom:container-demuxer-webm: 4f35f7cbe854078d1ac9338744f61a02 -> 
  custom:container-demuxer-ogg: 62fdf1f143b41e24485cea50d1cbac27 -> 
  custom:video-encoder-webm-vp8: eb34c28f22e8b96e1ab97ce403110664 -> 
  custom:video-codec-MediaFoundation-h265: 746d11721c4dcdbdad8f713fa42b33f4 -> 
  custom:video-decoder-webm-vp8: 9c59270c3fd7afecdb556c50c9e8de78 -> 
  custom:audio-decoder-ogg-vorbis: bf7c407c2cedff20999df2af8eb42d56 -> 
  custom:audio-encoder-webm-vorbis: bf7c407c2cedff20999df2af8eb42d56 -> 
